0 silly input [ 'build' ]
1 silly flags { _: [ 'run' ],
1 silly flags   'reject-cycles': false,
1 silly flags   rejectCycles: false,
1 silly flags   script: 'build',
1 silly flags   args: [] }
2 verbose rootPath /Users/ericmcdaniel/Projects/web-udp
3 info version 2.9.0
4 silly existsSync /Users/ericmcdaniel/Projects/web-udp/VERSION
5 silly initialize attempt
6 silly initialize success
7 silly execute attempt
8 silly runScriptInDir build [] protocol
9 silly getExecOpts { cwd: '/Users/ericmcdaniel/Projects/web-udp/packages/protocol' }
10 silly runScriptInDir build [] client
11 silly getExecOpts { cwd: '/Users/ericmcdaniel/Projects/web-udp/packages/client' }
12 error build Errored while running script in '@web-udp/client'
13 error execute callback with error
14 error Error: Command failed: npm run build
14 error /Users/ericmcdaniel/Projects/web-udp/node_modules/webpack/lib/webpack.js:24
14 error 		throw new WebpackOptionsValidationError(webpackOptionsValidationErrors);
14 error 		^
14 error
14 error WebpackOptionsValidationError: Invalid configuration object. Webpack has been initialised using a configuration object that does not match the API schema.
14 error  - configuration.output has an unknown property 'libraryType'. These properties are valid:
14 error    object { auxiliaryComment?, chunkFilename?, webassemblyModuleFilename?, globalObject?, crossOriginLoading?, jsonpScriptType?, chunkLoadTimeout?, devtoolFallbackModuleFilenameTemplate?, devtoolLineToLine?, devtoolModuleFilenameTemplate?, devtoolNamespace?, filename?, hashDigest?, hashDigestLength?, hashFunction?, hashSalt?, hotUpdateChunkFilename?, hotUpdateFunction?, hotUpdateMainFilename?, jsonpFunction?, chunkCallbackName?, library?, libraryTarget?, libraryExport?, path?, pathinfo?, publicPath?, sourceMapFilename?, sourcePrefix?, strictModuleExceptionHandling?, umdNamedDefine? }
14 error    -> Options affecting the output of the compilation. `output` options tell webpack how to write the compiled files to disk.
14 error     at webpack (/Users/ericmcdaniel/Projects/web-udp/node_modules/webpack/lib/webpack.js:24:9)
14 error     at build (/Users/ericmcdaniel/Projects/web-udp/build/index.js:30:3)
14 error     at Array.forEach (<anonymous>)
14 error     at Object.<anonymous> (/Users/ericmcdaniel/Projects/web-udp/build/index.js:45:10)
14 error     at Module._compile (module.js:649:30)
14 error     at Object.Module._extensions..js (module.js:660:10)
14 error     at Module.load (module.js:561:32)
14 error     at tryModuleLoad (module.js:501:12)
14 error     at Function.Module._load (module.js:493:3)
14 error     at Function.Module.runMain (module.js:690:10)
14 error npm ERR! code ELIFECYCLE
14 error npm ERR! errno 1
14 error npm ERR! @web-udp/client@2.0.0 build: `node ../../build`
14 error npm ERR! Exit status 1
14 error npm ERR!
14 error npm ERR! Failed at the @web-udp/client@2.0.0 build script.
14 error npm ERR! This is probably not a problem with npm. There is likely additional logging output above.
14 error
14 error npm ERR! A complete log of this run can be found in:
14 error npm ERR!     /Users/ericmcdaniel/.npm/_logs/2018-03-17T03_13_33_505Z-debug.log
14 error
14 error > @web-udp/client@2.0.0 build /Users/ericmcdaniel/Projects/web-udp/packages/client
14 error > node ../../build
14 error
14 error
14 error     at Promise.all.then.arr (/Users/ericmcdaniel/.nvm/versions/node/v9.8.0/lib/node_modules/lerna/node_modules/execa/index.js:236:11)
14 error     at <anonymous>
